2018-10-20 DEBUG [JavaFX Application Thread] (Board.java:46) - --- Testing Horizontal ---
2018-10-20 DEBUG [JavaFX Application Thread] (Board.java:65) - --- Testing Vertical ---
2018-10-20 DEBUG [JavaFX Application Thread] (Board.java:82) - --- Testing Diagonal Up ---
2018-10-20 DEBUG [JavaFX Application Thread] (Board.java:92) - --- Testing Diagonal Down ---
2018-10-20  INFO [JavaFX Application Thread] (Board.java:406) - Calculated points = 1
2018-10-20  INFO [JavaFX Application Thread] (Board.java:406) - Calculated points = 1
2018-10-20  INFO [JavaFX Application Thread] (Board.java:406) - Calculated points = 1
2018-10-20  INFO [JavaFX Application Thread] (Board.java:406) - Calculated points = 0
2018-10-20  INFO [JavaFX Application Thread] (Board.java:406) - Calculated points = 0
2018-10-20  INFO [JavaFX Application Thread] (Board.java:406) - Calculated points = 0
2018-10-20  INFO [JavaFX Application Thread] (Board.java:406) - Calculated points = 0
2018-10-20 DEBUG [JavaFX Application Thread] (Board.java:46) - --- Testing Horizontal ---
2018-10-20 DEBUG [JavaFX Application Thread] (Board.java:65) - --- Testing Vertical ---
2018-10-20 DEBUG [JavaFX Application Thread] (Board.java:82) - --- Testing Diagonal Up ---
2018-10-20 DEBUG [JavaFX Application Thread] (Board.java:92) - --- Testing Diagonal Down ---
2018-10-20 DEBUG [JavaFX Application Thread] (Board.java:46) - --- Testing Horizontal ---
2018-10-20 DEBUG [JavaFX Application Thread] (Board.java:65) - --- Testing Vertical ---
2018-10-20 DEBUG [JavaFX Application Thread] (Board.java:82) - --- Testing Diagonal Up ---
2018-10-20 DEBUG [JavaFX Application Thread] (Board.java:92) - --- Testing Diagonal Down ---
2018-10-20  INFO [JavaFX Application Thread] (Board.java:406) - Calculated points = 1
2018-10-20  INFO [JavaFX Application Thread] (Board.java:406) - Calculated points = 1
2018-10-20  INFO [JavaFX Application Thread] (Board.java:406) - Calculated points = 1
2018-10-20  INFO [JavaFX Application Thread] (Board.java:406) - Calculated points = 0
2018-10-20  INFO [JavaFX Application Thread] (Board.java:406) - Calculated points = 0
2018-10-20  INFO [JavaFX Application Thread] (Board.java:406) - Calculated points = 0
2018-10-20  INFO [JavaFX Application Thread] (Board.java:406) - Calculated points = 0
2018-10-20 DEBUG [JavaFX Application Thread] (Board.java:46) - --- Testing Horizontal ---
2018-10-20 DEBUG [JavaFX Application Thread] (Board.java:65) - --- Testing Vertical ---
2018-10-20 DEBUG [JavaFX Application Thread] (Board.java:82) - --- Testing Diagonal Up ---
2018-10-20 DEBUG [JavaFX Application Thread] (Board.java:92) - --- Testing Diagonal Down ---
2018-10-20 DEBUG [JavaFX Application Thread] (Board.java:46) - --- Testing Horizontal ---
2018-10-20 DEBUG [JavaFX Application Thread] (Board.java:65) - --- Testing Vertical ---
2018-10-20 DEBUG [JavaFX Application Thread] (Board.java:82) - --- Testing Diagonal Up ---
2018-10-20 DEBUG [JavaFX Application Thread] (Board.java:92) - --- Testing Diagonal Down ---
2018-10-20  INFO [JavaFX Application Thread] (Board.java:406) - Calculated points = 2
2018-10-20  INFO [JavaFX Application Thread] (Board.java:406) - Calculated points = 3
2018-10-20  INFO [JavaFX Application Thread] (Board.java:406) - Calculated points = 2
2018-10-20  INFO [JavaFX Application Thread] (Board.java:406) - Calculated points = 1
2018-10-20  INFO [JavaFX Application Thread] (Board.java:406) - Calculated points = 0
2018-10-20  INFO [JavaFX Application Thread] (Board.java:406) - Calculated points = 0
2018-10-20  INFO [JavaFX Application Thread] (Board.java:406) - Calculated points = 0
2018-10-20 DEBUG [JavaFX Application Thread] (Board.java:46) - --- Testing Horizontal ---
2018-10-20 DEBUG [JavaFX Application Thread] (Board.java:65) - --- Testing Vertical ---
2018-10-20 DEBUG [JavaFX Application Thread] (Board.java:82) - --- Testing Diagonal Up ---
2018-10-20 DEBUG [JavaFX Application Thread] (Board.java:92) - --- Testing Diagonal Down ---
2018-10-20 DEBUG [JavaFX Application Thread] (Board.java:46) - --- Testing Horizontal ---
2018-10-20 DEBUG [JavaFX Application Thread] (Board.java:65) - --- Testing Vertical ---
2018-10-20 DEBUG [JavaFX Application Thread] (Board.java:82) - --- Testing Diagonal Up ---
2018-10-20 DEBUG [JavaFX Application Thread] (Board.java:92) - --- Testing Diagonal Down ---
2018-10-20  INFO [JavaFX Application Thread] (Board.java:406) - Calculated points = 4
2018-10-20  INFO [JavaFX Application Thread] (Board.java:406) - Calculated points = 3
2018-10-20  INFO [JavaFX Application Thread] (Board.java:406) - Calculated points = 4
2018-10-20  INFO [JavaFX Application Thread] (Board.java:406) - Calculated points = 1
2018-10-20  INFO [JavaFX Application Thread] (Board.java:406) - Calculated points = 0
2018-10-20  INFO [JavaFX Application Thread] (Board.java:406) - Calculated points = 0
2018-10-20 DEBUG [JavaFX Application Thread] (Board.java:46) - --- Testing Horizontal ---
2018-10-20 DEBUG [JavaFX Application Thread] (Board.java:65) - --- Testing Vertical ---
2018-10-20 DEBUG [JavaFX Application Thread] (Board.java:82) - --- Testing Diagonal Up ---
2018-10-20 DEBUG [JavaFX Application Thread] (Board.java:92) - --- Testing Diagonal Down ---
2018-10-20 DEBUG [JavaFX Application Thread] (Board.java:46) - --- Testing Horizontal ---
2018-10-20 DEBUG [JavaFX Application Thread] (Board.java:65) - --- Testing Vertical ---
2018-10-20 DEBUG [JavaFX Application Thread] (Board.java:82) - --- Testing Diagonal Up ---
2018-10-20 DEBUG [JavaFX Application Thread] (Board.java:92) - --- Testing Diagonal Down ---
2018-10-20  INFO [JavaFX Application Thread] (Board.java:406) - Calculated points = 4
2018-10-20  INFO [JavaFX Application Thread] (Board.java:406) - Calculated points = 4
2018-10-20  INFO [JavaFX Application Thread] (Board.java:406) - Calculated points = 5
2018-10-20  INFO [JavaFX Application Thread] (Board.java:406) - Calculated points = 4
2018-10-20  INFO [JavaFX Application Thread] (Board.java:406) - Calculated points = 2
2018-10-20  INFO [JavaFX Application Thread] (Board.java:406) - Calculated points = 2
2018-10-20  INFO [JavaFX Application Thread] (Board.java:406) - Calculated points = 1
2018-10-20 DEBUG [JavaFX Application Thread] (Board.java:46) - --- Testing Horizontal ---
2018-10-20 DEBUG [JavaFX Application Thread] (Board.java:65) - --- Testing Vertical ---
2018-10-20 DEBUG [JavaFX Application Thread] (Board.java:82) - --- Testing Diagonal Up ---
2018-10-20 DEBUG [JavaFX Application Thread] (Board.java:92) - --- Testing Diagonal Down ---
2018-10-20 DEBUG [JavaFX Application Thread] (Board.java:46) - --- Testing Horizontal ---
2018-10-20 DEBUG [JavaFX Application Thread] (Board.java:65) - --- Testing Vertical ---
2018-10-20 DEBUG [JavaFX Application Thread] (Board.java:82) - --- Testing Diagonal Up ---
2018-10-20 DEBUG [JavaFX Application Thread] (Board.java:92) - --- Testing Diagonal Down ---
2018-10-20  INFO [JavaFX Application Thread] (Board.java:406) - Calculated points = 4
2018-10-20  INFO [JavaFX Application Thread] (Board.java:406) - Calculated points = 5
2018-10-20  INFO [JavaFX Application Thread] (Board.java:406) - Calculated points = 5
2018-10-20  INFO [JavaFX Application Thread] (Board.java:406) - Calculated points = 4
2018-10-20  INFO [JavaFX Application Thread] (Board.java:406) - Calculated points = 2
2018-10-20  INFO [JavaFX Application Thread] (Board.java:406) - Calculated points = 2
2018-10-20 DEBUG [JavaFX Application Thread] (Board.java:46) - --- Testing Horizontal ---
2018-10-20  INFO [JavaFX Application Thread] (Board.java:56) - Found a horizontal win
2018-10-20 DEBUG [JavaFX Application Thread] (Board.java:46) - --- Testing Horizontal ---
2018-10-20 DEBUG [JavaFX Application Thread] (Board.java:65) - --- Testing Vertical ---
2018-10-20 DEBUG [JavaFX Application Thread] (Board.java:82) - --- Testing Diagonal Up ---
2018-10-20 DEBUG [JavaFX Application Thread] (Board.java:92) - --- Testing Diagonal Down ---
2018-10-20  INFO [JavaFX Application Thread] (Board.java:406) - Calculated points = 1
2018-10-20  INFO [JavaFX Application Thread] (Board.java:406) - Calculated points = 1
2018-10-20  INFO [JavaFX Application Thread] (Board.java:406) - Calculated points = 1
2018-10-20  INFO [JavaFX Application Thread] (Board.java:406) - Calculated points = 0
2018-10-20  INFO [JavaFX Application Thread] (Board.java:406) - Calculated points = 0
2018-10-20  INFO [JavaFX Application Thread] (Board.java:406) - Calculated points = 0
2018-10-20  INFO [JavaFX Application Thread] (Board.java:406) - Calculated points = 0
2018-10-20 DEBUG [JavaFX Application Thread] (Board.java:46) - --- Testing Horizontal ---
2018-10-20 DEBUG [JavaFX Application Thread] (Board.java:65) - --- Testing Vertical ---
2018-10-20 DEBUG [JavaFX Application Thread] (Board.java:82) - --- Testing Diagonal Up ---
2018-10-20 DEBUG [JavaFX Application Thread] (Board.java:92) - --- Testing Diagonal Down ---
2018-10-20 DEBUG [JavaFX Application Thread] (Board.java:46) - --- Testing Horizontal ---
2018-10-20 DEBUG [JavaFX Application Thread] (Board.java:65) - --- Testing Vertical ---
2018-10-20 DEBUG [JavaFX Application Thread] (Board.java:82) - --- Testing Diagonal Up ---
2018-10-20 DEBUG [JavaFX Application Thread] (Board.java:92) - --- Testing Diagonal Down ---
2018-10-20  INFO [JavaFX Application Thread] (Board.java:406) - Calculated points = 2
2018-10-20  INFO [JavaFX Application Thread] (Board.java:406) - Calculated points = 2
2018-10-20  INFO [JavaFX Application Thread] (Board.java:406) - Calculated points = 2
2018-10-20  INFO [JavaFX Application Thread] (Board.java:406) - Calculated points = 0
2018-10-20  INFO [JavaFX Application Thread] (Board.java:406) - Calculated points = 0
2018-10-20  INFO [JavaFX Application Thread] (Board.java:406) - Calculated points = 0
2018-10-20  INFO [JavaFX Application Thread] (Board.java:406) - Calculated points = 0
2018-10-20 DEBUG [JavaFX Application Thread] (Board.java:46) - --- Testing Horizontal ---
2018-10-20 DEBUG [JavaFX Application Thread] (Board.java:65) - --- Testing Vertical ---
2018-10-20 DEBUG [JavaFX Application Thread] (Board.java:82) - --- Testing Diagonal Up ---
2018-10-20 DEBUG [JavaFX Application Thread] (Board.java:92) - --- Testing Diagonal Down ---
2018-10-20 DEBUG [JavaFX Application Thread] (Board.java:46) - --- Testing Horizontal ---
2018-10-20 DEBUG [JavaFX Application Thread] (Board.java:65) - --- Testing Vertical ---
2018-10-20 DEBUG [JavaFX Application Thread] (Board.java:82) - --- Testing Diagonal Up ---
2018-10-20 DEBUG [JavaFX Application Thread] (Board.java:92) - --- Testing Diagonal Down ---
2018-10-20  INFO [JavaFX Application Thread] (Board.java:406) - Calculated points = 2
2018-10-20  INFO [JavaFX Application Thread] (Board.java:406) - Calculated points = 2
2018-10-20  INFO [JavaFX Application Thread] (Board.java:406) - Calculated points = 2
2018-10-20  INFO [JavaFX Application Thread] (Board.java:406) - Calculated points = 0
2018-10-20  INFO [JavaFX Application Thread] (Board.java:406) - Calculated points = 0
2018-10-20  INFO [JavaFX Application Thread] (Board.java:406) - Calculated points = 0
2018-10-20  INFO [JavaFX Application Thread] (Board.java:406) - Calculated points = 0
2018-10-20 DEBUG [JavaFX Application Thread] (Board.java:46) - --- Testing Horizontal ---
2018-10-20 DEBUG [JavaFX Application Thread] (Board.java:65) - --- Testing Vertical ---
2018-10-20 DEBUG [JavaFX Application Thread] (Board.java:82) - --- Testing Diagonal Up ---
2018-10-20 DEBUG [JavaFX Application Thread] (Board.java:92) - --- Testing Diagonal Down ---
2018-10-20 DEBUG [JavaFX Application Thread] (Board.java:46) - --- Testing Horizontal ---
2018-10-20 DEBUG [JavaFX Application Thread] (Board.java:65) - --- Testing Vertical ---
2018-10-20 DEBUG [JavaFX Application Thread] (Board.java:82) - --- Testing Diagonal Up ---
2018-10-20 DEBUG [JavaFX Application Thread] (Board.java:92) - --- Testing Diagonal Down ---
2018-10-20  INFO [JavaFX Application Thread] (Board.java:406) - Calculated points = 4
2018-10-20  INFO [JavaFX Application Thread] (Board.java:406) - Calculated points = 3
2018-10-20  INFO [JavaFX Application Thread] (Board.java:406) - Calculated points = 1
2018-10-20  INFO [JavaFX Application Thread] (Board.java:406) - Calculated points = 0
2018-10-20  INFO [JavaFX Application Thread] (Board.java:406) - Calculated points = 0
2018-10-20  INFO [JavaFX Application Thread] (Board.java:406) - Calculated points = 0
2018-10-20 DEBUG [JavaFX Application Thread] (Board.java:46) - --- Testing Horizontal ---
2018-10-20 DEBUG [JavaFX Application Thread] (Board.java:65) - --- Testing Vertical ---
2018-10-20 DEBUG [JavaFX Application Thread] (Board.java:82) - --- Testing Diagonal Up ---
2018-10-20 DEBUG [JavaFX Application Thread] (Board.java:92) - --- Testing Diagonal Down ---
2018-10-20 DEBUG [JavaFX Application Thread] (Board.java:46) - --- Testing Horizontal ---
2018-10-20 DEBUG [JavaFX Application Thread] (Board.java:65) - --- Testing Vertical ---
2018-10-20 DEBUG [JavaFX Application Thread] (Board.java:82) - --- Testing Diagonal Up ---
2018-10-20 DEBUG [JavaFX Application Thread] (Board.java:92) - --- Testing Diagonal Down ---
2018-10-20  INFO [JavaFX Application Thread] (Board.java:406) - Calculated points = 5
2018-10-20  INFO [JavaFX Application Thread] (Board.java:406) - Calculated points = 4
2018-10-20  INFO [JavaFX Application Thread] (Board.java:406) - Calculated points = 2
2018-10-20  INFO [JavaFX Application Thread] (Board.java:406) - Calculated points = 1
2018-10-20  INFO [JavaFX Application Thread] (Board.java:406) - Calculated points = 1
2018-10-20  INFO [JavaFX Application Thread] (Board.java:406) - Calculated points = 1
2018-10-20 DEBUG [JavaFX Application Thread] (Board.java:46) - --- Testing Horizontal ---
2018-10-20 DEBUG [JavaFX Application Thread] (Board.java:65) - --- Testing Vertical ---
2018-10-20 DEBUG [JavaFX Application Thread] (Board.java:82) - --- Testing Diagonal Up ---
2018-10-20 DEBUG [JavaFX Application Thread] (Board.java:92) - --- Testing Diagonal Down ---
2018-10-20 DEBUG [JavaFX Application Thread] (Board.java:46) - --- Testing Horizontal ---
2018-10-20 DEBUG [JavaFX Application Thread] (Board.java:65) - --- Testing Vertical ---
2018-10-20 DEBUG [JavaFX Application Thread] (Board.java:82) - --- Testing Diagonal Up ---
2018-10-20 DEBUG [JavaFX Application Thread] (Board.java:92) - --- Testing Diagonal Down ---
2018-10-20  INFO [JavaFX Application Thread] (Board.java:406) - Calculated points = 4
2018-10-20  INFO [JavaFX Application Thread] (Board.java:406) - Calculated points = 3
2018-10-20  INFO [JavaFX Application Thread] (Board.java:406) - Calculated points = 2
2018-10-20  INFO [JavaFX Application Thread] (Board.java:406) - Calculated points = 2
2018-10-20  INFO [JavaFX Application Thread] (Board.java:406) - Calculated points = 2
2018-10-20 DEBUG [JavaFX Application Thread] (Board.java:46) - --- Testing Horizontal ---
2018-10-20 DEBUG [JavaFX Application Thread] (Board.java:65) - --- Testing Vertical ---
2018-10-20  INFO [JavaFX Application Thread] (Board.java:73) - Found a vertical win
2018-10-20 DEBUG [JavaFX Application Thread] (Board.java:46) - --- Testing Horizontal ---
2018-10-20 DEBUG [JavaFX Application Thread] (Board.java:65) - --- Testing Vertical ---
2018-10-20 DEBUG [JavaFX Application Thread] (Board.java:82) - --- Testing Diagonal Up ---
2018-10-20 DEBUG [JavaFX Application Thread] (Board.java:92) - --- Testing Diagonal Down ---
2018-10-20  INFO [JavaFX Application Thread] (Board.java:406) - Calculated points = 1
2018-10-20  INFO [JavaFX Application Thread] (Board.java:406) - Calculated points = 1
2018-10-20  INFO [JavaFX Application Thread] (Board.java:406) - Calculated points = 1
2018-10-20  INFO [JavaFX Application Thread] (Board.java:406) - Calculated points = 0
2018-10-20  INFO [JavaFX Application Thread] (Board.java:406) - Calculated points = 0
2018-10-20  INFO [JavaFX Application Thread] (Board.java:406) - Calculated points = 0
2018-10-20  INFO [JavaFX Application Thread] (Board.java:406) - Calculated points = 0
2018-10-20 DEBUG [JavaFX Application Thread] (Board.java:46) - --- Testing Horizontal ---
2018-10-20 DEBUG [JavaFX Application Thread] (Board.java:65) - --- Testing Vertical ---
2018-10-20 DEBUG [JavaFX Application Thread] (Board.java:82) - --- Testing Diagonal Up ---
2018-10-20 DEBUG [JavaFX Application Thread] (Board.java:92) - --- Testing Diagonal Down ---
2018-10-20 DEBUG [JavaFX Application Thread] (Board.java:46) - --- Testing Horizontal ---
2018-10-20 DEBUG [JavaFX Application Thread] (Board.java:65) - --- Testing Vertical ---
2018-10-20 DEBUG [JavaFX Application Thread] (Board.java:82) - --- Testing Diagonal Up ---
2018-10-20 DEBUG [JavaFX Application Thread] (Board.java:92) - --- Testing Diagonal Down ---
2018-10-20  INFO [JavaFX Application Thread] (Board.java:406) - Calculated points = 2
2018-10-20  INFO [JavaFX Application Thread] (Board.java:406) - Calculated points = 2
2018-10-20  INFO [JavaFX Application Thread] (Board.java:406) - Calculated points = 2
2018-10-20  INFO [JavaFX Application Thread] (Board.java:406) - Calculated points = 0
2018-10-20  INFO [JavaFX Application Thread] (Board.java:406) - Calculated points = 0
2018-10-20  INFO [JavaFX Application Thread] (Board.java:406) - Calculated points = 0
2018-10-20  INFO [JavaFX Application Thread] (Board.java:406) - Calculated points = 0
2018-10-20 DEBUG [JavaFX Application Thread] (Board.java:46) - --- Testing Horizontal ---
2018-10-20 DEBUG [JavaFX Application Thread] (Board.java:65) - --- Testing Vertical ---
2018-10-20 DEBUG [JavaFX Application Thread] (Board.java:82) - --- Testing Diagonal Up ---
2018-10-20 DEBUG [JavaFX Application Thread] (Board.java:92) - --- Testing Diagonal Down ---
2018-10-20 DEBUG [JavaFX Application Thread] (Board.java:46) - --- Testing Horizontal ---
2018-10-20 DEBUG [JavaFX Application Thread] (Board.java:65) - --- Testing Vertical ---
2018-10-20 DEBUG [JavaFX Application Thread] (Board.java:82) - --- Testing Diagonal Up ---
2018-10-20 DEBUG [JavaFX Application Thread] (Board.java:92) - --- Testing Diagonal Down ---
2018-10-20  INFO [JavaFX Application Thread] (Board.java:406) - Calculated points = 2
2018-10-20  INFO [JavaFX Application Thread] (Board.java:406) - Calculated points = 4
2018-10-20  INFO [JavaFX Application Thread] (Board.java:406) - Calculated points = 3
2018-10-20  INFO [JavaFX Application Thread] (Board.java:406) - Calculated points = 1
2018-10-20  INFO [JavaFX Application Thread] (Board.java:406) - Calculated points = 0
2018-10-20  INFO [JavaFX Application Thread] (Board.java:406) - Calculated points = 0
2018-10-20  INFO [JavaFX Application Thread] (Board.java:406) - Calculated points = 0
2018-10-20 DEBUG [JavaFX Application Thread] (Board.java:46) - --- Testing Horizontal ---
2018-10-20 DEBUG [JavaFX Application Thread] (Board.java:65) - --- Testing Vertical ---
2018-10-20 DEBUG [JavaFX Application Thread] (Board.java:82) - --- Testing Diagonal Up ---
2018-10-20 DEBUG [JavaFX Application Thread] (Board.java:92) - --- Testing Diagonal Down ---
2018-10-20 DEBUG [JavaFX Application Thread] (Board.java:46) - --- Testing Horizontal ---
2018-10-20 DEBUG [JavaFX Application Thread] (Board.java:65) - --- Testing Vertical ---
2018-10-20 DEBUG [JavaFX Application Thread] (Board.java:82) - --- Testing Diagonal Up ---
2018-10-20 DEBUG [JavaFX Application Thread] (Board.java:92) - --- Testing Diagonal Down ---
2018-10-20  INFO [JavaFX Application Thread] (Board.java:406) - Calculated points = 5
2018-10-20  INFO [JavaFX Application Thread] (Board.java:406) - Calculated points = 4
2018-10-20  INFO [JavaFX Application Thread] (Board.java:406) - Calculated points = 1
2018-10-20  INFO [JavaFX Application Thread] (Board.java:406) - Calculated points = 0
2018-10-20  INFO [JavaFX Application Thread] (Board.java:406) - Calculated points = 0
2018-10-20  INFO [JavaFX Application Thread] (Board.java:406) - Calculated points = 0
2018-10-20 DEBUG [JavaFX Application Thread] (Board.java:46) - --- Testing Horizontal ---
2018-10-20 DEBUG [JavaFX Application Thread] (Board.java:65) - --- Testing Vertical ---
2018-10-20 DEBUG [JavaFX Application Thread] (Board.java:82) - --- Testing Diagonal Up ---
2018-10-20 DEBUG [JavaFX Application Thread] (Board.java:92) - --- Testing Diagonal Down ---
2018-10-20 DEBUG [JavaFX Application Thread] (Board.java:46) - --- Testing Horizontal ---
2018-10-20 DEBUG [JavaFX Application Thread] (Board.java:65) - --- Testing Vertical ---
2018-10-20 DEBUG [JavaFX Application Thread] (Board.java:82) - --- Testing Diagonal Up ---
2018-10-20 DEBUG [JavaFX Application Thread] (Board.java:92) - --- Testing Diagonal Down ---
2018-10-20  INFO [JavaFX Application Thread] (Board.java:406) - Calculated points = 5
2018-10-20  INFO [JavaFX Application Thread] (Board.java:406) - Calculated points = 5
2018-10-20  INFO [JavaFX Application Thread] (Board.java:406) - Calculated points = 2
2018-10-20  INFO [JavaFX Application Thread] (Board.java:406) - Calculated points = 1
2018-10-20  INFO [JavaFX Application Thread] (Board.java:406) - Calculated points = 1
2018-10-20  INFO [JavaFX Application Thread] (Board.java:406) - Calculated points = 1
2018-10-20 DEBUG [JavaFX Application Thread] (Board.java:46) - --- Testing Horizontal ---
2018-10-20 DEBUG [JavaFX Application Thread] (Board.java:65) - --- Testing Vertical ---
2018-10-20 DEBUG [JavaFX Application Thread] (Board.java:82) - --- Testing Diagonal Up ---
2018-10-20 DEBUG [JavaFX Application Thread] (Board.java:92) - --- Testing Diagonal Down ---
2018-10-20 DEBUG [JavaFX Application Thread] (Board.java:46) - --- Testing Horizontal ---
2018-10-20 DEBUG [JavaFX Application Thread] (Board.java:65) - --- Testing Vertical ---
2018-10-20 DEBUG [JavaFX Application Thread] (Board.java:82) - --- Testing Diagonal Up ---
2018-10-20 DEBUG [JavaFX Application Thread] (Board.java:92) - --- Testing Diagonal Down ---
2018-10-20  INFO [JavaFX Application Thread] (Board.java:406) - Calculated points = 6
2018-10-20  INFO [JavaFX Application Thread] (Board.java:406) - Calculated points = 4
2018-10-20  INFO [JavaFX Application Thread] (Board.java:406) - Calculated points = 1
2018-10-20  INFO [JavaFX Application Thread] (Board.java:406) - Calculated points = 1
2018-10-20  INFO [JavaFX Application Thread] (Board.java:406) - Calculated points = 1
2018-10-20 DEBUG [JavaFX Application Thread] (Board.java:46) - --- Testing Horizontal ---
2018-10-20 DEBUG [JavaFX Application Thread] (Board.java:65) - --- Testing Vertical ---
2018-10-20  INFO [JavaFX Application Thread] (Board.java:73) - Found a vertical win
2018-10-20 DEBUG [JavaFX Application Thread] (Board.java:46) - --- Testing Horizontal ---
2018-10-20 DEBUG [JavaFX Application Thread] (Board.java:65) - --- Testing Vertical ---
2018-10-20 DEBUG [JavaFX Application Thread] (Board.java:82) - --- Testing Diagonal Up ---
2018-10-20 DEBUG [JavaFX Application Thread] (Board.java:92) - --- Testing Diagonal Down ---
2018-10-20  INFO [JavaFX Application Thread] (Board.java:406) - Calculated points = 1
2018-10-20  INFO [JavaFX Application Thread] (Board.java:406) - Calculated points = 1
2018-10-20  INFO [JavaFX Application Thread] (Board.java:406) - Calculated points = 1
2018-10-20  INFO [JavaFX Application Thread] (Board.java:406) - Calculated points = 0
2018-10-20  INFO [JavaFX Application Thread] (Board.java:406) - Calculated points = 0
2018-10-20  INFO [JavaFX Application Thread] (Board.java:406) - Calculated points = 0
2018-10-20  INFO [JavaFX Application Thread] (Board.java:406) - Calculated points = 0
2018-10-20 DEBUG [JavaFX Application Thread] (Board.java:46) - --- Testing Horizontal ---
2018-10-20 DEBUG [JavaFX Application Thread] (Board.java:65) - --- Testing Vertical ---
2018-10-20 DEBUG [JavaFX Application Thread] (Board.java:82) - --- Testing Diagonal Up ---
2018-10-20 DEBUG [JavaFX Application Thread] (Board.java:92) - --- Testing Diagonal Down ---
2018-10-20 DEBUG [JavaFX Application Thread] (Board.java:46) - --- Testing Horizontal ---
2018-10-20 DEBUG [JavaFX Application Thread] (Board.java:65) - --- Testing Vertical ---
2018-10-20 DEBUG [JavaFX Application Thread] (Board.java:82) - --- Testing Diagonal Up ---
2018-10-20 DEBUG [JavaFX Application Thread] (Board.java:92) - --- Testing Diagonal Down ---
2018-10-20  INFO [JavaFX Application Thread] (Board.java:406) - Calculated points = 2
2018-10-20  INFO [JavaFX Application Thread] (Board.java:406) - Calculated points = 2
2018-10-20  INFO [JavaFX Application Thread] (Board.java:406) - Calculated points = 2
2018-10-20  INFO [JavaFX Application Thread] (Board.java:406) - Calculated points = 0
2018-10-20  INFO [JavaFX Application Thread] (Board.java:406) - Calculated points = 0
2018-10-20  INFO [JavaFX Application Thread] (Board.java:406) - Calculated points = 0
2018-10-20  INFO [JavaFX Application Thread] (Board.java:406) - Calculated points = 0
2018-10-20 DEBUG [JavaFX Application Thread] (Board.java:46) - --- Testing Horizontal ---
2018-10-20 DEBUG [JavaFX Application Thread] (Board.java:65) - --- Testing Vertical ---
2018-10-20 DEBUG [JavaFX Application Thread] (Board.java:82) - --- Testing Diagonal Up ---
2018-10-20 DEBUG [JavaFX Application Thread] (Board.java:92) - --- Testing Diagonal Down ---
2018-10-20 DEBUG [JavaFX Application Thread] (Board.java:46) - --- Testing Horizontal ---
2018-10-20 DEBUG [JavaFX Application Thread] (Board.java:65) - --- Testing Vertical ---
2018-10-20 DEBUG [JavaFX Application Thread] (Board.java:82) - --- Testing Diagonal Up ---
2018-10-20 DEBUG [JavaFX Application Thread] (Board.java:92) - --- Testing Diagonal Down ---
2018-10-20  INFO [JavaFX Application Thread] (Board.java:406) - Calculated points = 2
2018-10-20  INFO [JavaFX Application Thread] (Board.java:406) - Calculated points = 2
2018-10-20  INFO [JavaFX Application Thread] (Board.java:406) - Calculated points = 2
2018-10-20  INFO [JavaFX Application Thread] (Board.java:406) - Calculated points = 0
2018-10-20  INFO [JavaFX Application Thread] (Board.java:406) - Calculated points = 0
2018-10-20  INFO [JavaFX Application Thread] (Board.java:406) - Calculated points = 0
2018-10-20  INFO [JavaFX Application Thread] (Board.java:406) - Calculated points = 0
2018-10-20 DEBUG [JavaFX Application Thread] (Board.java:46) - --- Testing Horizontal ---
2018-10-20 DEBUG [JavaFX Application Thread] (Board.java:65) - --- Testing Vertical ---
2018-10-20 DEBUG [JavaFX Application Thread] (Board.java:82) - --- Testing Diagonal Up ---
2018-10-20 DEBUG [JavaFX Application Thread] (Board.java:92) - --- Testing Diagonal Down ---
2018-10-20 DEBUG [JavaFX Application Thread] (Board.java:46) - --- Testing Horizontal ---
2018-10-20 DEBUG [JavaFX Application Thread] (Board.java:65) - --- Testing Vertical ---
2018-10-20 DEBUG [JavaFX Application Thread] (Board.java:82) - --- Testing Diagonal Up ---
2018-10-20 DEBUG [JavaFX Application Thread] (Board.java:92) - --- Testing Diagonal Down ---
2018-10-20  INFO [JavaFX Application Thread] (Board.java:406) - Calculated points = 3
2018-10-20  INFO [JavaFX Application Thread] (Board.java:406) - Calculated points = 3
2018-10-20  INFO [JavaFX Application Thread] (Board.java:406) - Calculated points = 1
2018-10-20  INFO [JavaFX Application Thread] (Board.java:406) - Calculated points = 1
2018-10-20  INFO [JavaFX Application Thread] (Board.java:406) - Calculated points = 0
2018-10-20  INFO [JavaFX Application Thread] (Board.java:406) - Calculated points = 0
2018-10-20 DEBUG [JavaFX Application Thread] (Board.java:46) - --- Testing Horizontal ---
2018-10-20 DEBUG [JavaFX Application Thread] (Board.java:65) - --- Testing Vertical ---
2018-10-20 DEBUG [JavaFX Application Thread] (Board.java:82) - --- Testing Diagonal Up ---
2018-10-20 DEBUG [JavaFX Application Thread] (Board.java:92) - --- Testing Diagonal Down ---
2018-10-20 DEBUG [JavaFX Application Thread] (Board.java:46) - --- Testing Horizontal ---
2018-10-20 DEBUG [JavaFX Application Thread] (Board.java:65) - --- Testing Vertical ---
2018-10-20 DEBUG [JavaFX Application Thread] (Board.java:82) - --- Testing Diagonal Up ---
2018-10-20 DEBUG [JavaFX Application Thread] (Board.java:92) - --- Testing Diagonal Down ---
2018-10-20  INFO [JavaFX Application Thread] (Board.java:406) - Calculated points = 5
2018-10-20  INFO [JavaFX Application Thread] (Board.java:406) - Calculated points = 5
2018-10-20  INFO [JavaFX Application Thread] (Board.java:406) - Calculated points = 2
2018-10-20  INFO [JavaFX Application Thread] (Board.java:406) - Calculated points = 1
2018-10-20  INFO [JavaFX Application Thread] (Board.java:406) - Calculated points = 0
2018-10-20  INFO [JavaFX Application Thread] (Board.java:406) - Calculated points = 0
2018-10-20 DEBUG [JavaFX Application Thread] (Board.java:46) - --- Testing Horizontal ---
2018-10-20 DEBUG [JavaFX Application Thread] (Board.java:65) - --- Testing Vertical ---
2018-10-20 DEBUG [JavaFX Application Thread] (Board.java:82) - --- Testing Diagonal Up ---
2018-10-20 DEBUG [JavaFX Application Thread] (Board.java:92) - --- Testing Diagonal Down ---
2018-10-20 DEBUG [JavaFX Application Thread] (Board.java:46) - --- Testing Horizontal ---
2018-10-20 DEBUG [JavaFX Application Thread] (Board.java:65) - --- Testing Vertical ---
2018-10-20 DEBUG [JavaFX Application Thread] (Board.java:82) - --- Testing Diagonal Up ---
2018-10-20 DEBUG [JavaFX Application Thread] (Board.java:92) - --- Testing Diagonal Down ---
2018-10-20  INFO [JavaFX Application Thread] (Board.java:406) - Calculated points = 5
2018-10-20  INFO [JavaFX Application Thread] (Board.java:406) - Calculated points = 7
2018-10-20  INFO [JavaFX Application Thread] (Board.java:406) - Calculated points = 4
2018-10-20  INFO [JavaFX Application Thread] (Board.java:406) - Calculated points = 1
2018-10-20  INFO [JavaFX Application Thread] (Board.java:406) - Calculated points = 0
2018-10-20  INFO [JavaFX Application Thread] (Board.java:406) - Calculated points = 0
2018-10-20 DEBUG [JavaFX Application Thread] (Board.java:46) - --- Testing Horizontal ---
2018-10-20 DEBUG [JavaFX Application Thread] (Board.java:65) - --- Testing Vertical ---
2018-10-20 DEBUG [JavaFX Application Thread] (Board.java:82) - --- Testing Diagonal Up ---
2018-10-20 DEBUG [JavaFX Application Thread] (Board.java:92) - --- Testing Diagonal Down ---
2018-10-20 DEBUG [JavaFX Application Thread] (Board.java:46) - --- Testing Horizontal ---
2018-10-20 DEBUG [JavaFX Application Thread] (Board.java:65) - --- Testing Vertical ---
2018-10-20 DEBUG [JavaFX Application Thread] (Board.java:82) - --- Testing Diagonal Up ---
2018-10-20 DEBUG [JavaFX Application Thread] (Board.java:92) - --- Testing Diagonal Down ---
2018-10-20  INFO [JavaFX Application Thread] (Board.java:406) - Calculated points = 7
2018-10-20  INFO [JavaFX Application Thread] (Board.java:406) - Calculated points = 4
2018-10-20  INFO [JavaFX Application Thread] (Board.java:406) - Calculated points = 4
2018-10-20  INFO [JavaFX Application Thread] (Board.java:406) - Calculated points = 2
2018-10-20  INFO [JavaFX Application Thread] (Board.java:406) - Calculated points = 0
2018-10-20  INFO [JavaFX Application Thread] (Board.java:406) - Calculated points = 0
2018-10-20 DEBUG [JavaFX Application Thread] (Board.java:46) - --- Testing Horizontal ---
2018-10-20 DEBUG [JavaFX Application Thread] (Board.java:65) - --- Testing Vertical ---
2018-10-20 DEBUG [JavaFX Application Thread] (Board.java:82) - --- Testing Diagonal Up ---
2018-10-20 DEBUG [JavaFX Application Thread] (Board.java:92) - --- Testing Diagonal Down ---
2018-10-20 DEBUG [JavaFX Application Thread] (Board.java:46) - --- Testing Horizontal ---
2018-10-20 DEBUG [JavaFX Application Thread] (Board.java:65) - --- Testing Vertical ---
2018-10-20 DEBUG [JavaFX Application Thread] (Board.java:82) - --- Testing Diagonal Up ---
2018-10-20 DEBUG [JavaFX Application Thread] (Board.java:92) - --- Testing Diagonal Down ---
2018-10-20  INFO [JavaFX Application Thread] (Board.java:406) - Calculated points = 4
2018-10-20  INFO [JavaFX Application Thread] (Board.java:406) - Calculated points = 6
2018-10-20  INFO [JavaFX Application Thread] (Board.java:406) - Calculated points = 4
2018-10-20  INFO [JavaFX Application Thread] (Board.java:406) - Calculated points = 2
2018-10-20  INFO [JavaFX Application Thread] (Board.java:406) - Calculated points = 0
2018-10-20  INFO [JavaFX Application Thread] (Board.java:406) - Calculated points = 0
2018-10-20 DEBUG [JavaFX Application Thread] (Board.java:46) - --- Testing Horizontal ---
2018-10-20 DEBUG [JavaFX Application Thread] (Board.java:65) - --- Testing Vertical ---
2018-10-20 DEBUG [JavaFX Application Thread] (Board.java:82) - --- Testing Diagonal Up ---
2018-10-20 DEBUG [JavaFX Application Thread] (Board.java:92) - --- Testing Diagonal Down ---
2018-10-20 DEBUG [JavaFX Application Thread] (Board.java:46) - --- Testing Horizontal ---
2018-10-20 DEBUG [JavaFX Application Thread] (Board.java:65) - --- Testing Vertical ---
2018-10-20 DEBUG [JavaFX Application Thread] (Board.java:82) - --- Testing Diagonal Up ---
2018-10-20 DEBUG [JavaFX Application Thread] (Board.java:92) - --- Testing Diagonal Down ---
2018-10-20  INFO [JavaFX Application Thread] (Board.java:406) - Calculated points = 6
2018-10-20  INFO [JavaFX Application Thread] (Board.java:406) - Calculated points = 4
2018-10-20  INFO [JavaFX Application Thread] (Board.java:406) - Calculated points = 2
2018-10-20  INFO [JavaFX Application Thread] (Board.java:406) - Calculated points = 0
2018-10-20  INFO [JavaFX Application Thread] (Board.java:406) - Calculated points = 0
2018-10-20 DEBUG [JavaFX Application Thread] (Board.java:46) - --- Testing Horizontal ---
2018-10-20 DEBUG [JavaFX Application Thread] (Board.java:65) - --- Testing Vertical ---
2018-10-20 DEBUG [JavaFX Application Thread] (Board.java:82) - --- Testing Diagonal Up ---
2018-10-20 DEBUG [JavaFX Application Thread] (Board.java:92) - --- Testing Diagonal Down ---
2018-10-20 DEBUG [JavaFX Application Thread] (Board.java:46) - --- Testing Horizontal ---
2018-10-20 DEBUG [JavaFX Application Thread] (Board.java:65) - --- Testing Vertical ---
2018-10-20 DEBUG [JavaFX Application Thread] (Board.java:82) - --- Testing Diagonal Up ---
2018-10-20 DEBUG [JavaFX Application Thread] (Board.java:92) - --- Testing Diagonal Down ---
2018-10-20  INFO [JavaFX Application Thread] (Board.java:406) - Calculated points = 6
2018-10-20  INFO [JavaFX Application Thread] (Board.java:406) - Calculated points = 3
2018-10-20  INFO [JavaFX Application Thread] (Board.java:406) - Calculated points = 1
2018-10-20  INFO [JavaFX Application Thread] (Board.java:406) - Calculated points = 0
2018-10-20 DEBUG [JavaFX Application Thread] (Board.java:46) - --- Testing Horizontal ---
2018-10-20 DEBUG [JavaFX Application Thread] (Board.java:65) - --- Testing Vertical ---
2018-10-20 DEBUG [JavaFX Application Thread] (Board.java:82) - --- Testing Diagonal Up ---
2018-10-20 DEBUG [JavaFX Application Thread] (Board.java:92) - --- Testing Diagonal Down ---
2018-10-20 DEBUG [JavaFX Application Thread] (Board.java:46) - --- Testing Horizontal ---
2018-10-20 DEBUG [JavaFX Application Thread] (Board.java:65) - --- Testing Vertical ---
2018-10-20 DEBUG [JavaFX Application Thread] (Board.java:82) - --- Testing Diagonal Up ---
2018-10-20 DEBUG [JavaFX Application Thread] (Board.java:92) - --- Testing Diagonal Down ---
2018-10-20  INFO [JavaFX Application Thread] (Board.java:406) - Calculated points = 8
2018-10-20  INFO [JavaFX Application Thread] (Board.java:406) - Calculated points = 2
2018-10-20  INFO [JavaFX Application Thread] (Board.java:406) - Calculated points = 0
2018-10-20 DEBUG [JavaFX Application Thread] (Board.java:46) - --- Testing Horizontal ---
2018-10-20 DEBUG [JavaFX Application Thread] (Board.java:65) - --- Testing Vertical ---
2018-10-20 DEBUG [JavaFX Application Thread] (Board.java:82) - --- Testing Diagonal Up ---
2018-10-20 DEBUG [JavaFX Application Thread] (Board.java:92) - --- Testing Diagonal Down ---
2018-10-20  INFO [JavaFX Application Thread] (Board.java:97) - Found a diagonal win
