2018-09-26 DEBUG [main] (Board.java:46) - --- Testing Horizontal ---
2018-09-26 DEBUG [main] (Board.java:66) - --- Testing Vertical ---
2018-09-26  INFO [main] (Board.java:74) - Found a vertical win
2018-09-26 DEBUG [main] (Board.java:46) - --- Testing Horizontal ---
2018-09-26  INFO [main] (Board.java:56) - Found a horizontal win
2018-09-26 DEBUG [main] (Board.java:46) - --- Testing Horizontal ---
2018-09-26 DEBUG [main] (Board.java:66) - --- Testing Vertical ---
2018-09-26 DEBUG [main] (Board.java:84) - --- Testing Diagonal Up ---
2018-09-26 DEBUG [main] (Board.java:97) - --- Testing Diagonal Down ---
2018-09-26 DEBUG [main] (Board.java:46) - --- Testing Horizontal ---
2018-09-26 DEBUG [main] (Board.java:66) - --- Testing Vertical ---
2018-09-26 DEBUG [main] (Board.java:84) - --- Testing Diagonal Up ---
2018-09-26  INFO [main] (Board.java:91) - Found a diagonal win
2018-09-26 DEBUG [main] (Board.java:46) - --- Testing Horizontal ---
2018-09-26 DEBUG [main] (Board.java:66) - --- Testing Vertical ---
2018-09-26  INFO [main] (Board.java:74) - Found a vertical win
2018-09-26 DEBUG [main] (Board.java:46) - --- Testing Horizontal ---
2018-09-26 DEBUG [main] (Board.java:66) - --- Testing Vertical ---
2018-09-26 DEBUG [main] (Board.java:84) - --- Testing Diagonal Up ---
2018-09-26 DEBUG [main] (Board.java:97) - --- Testing Diagonal Down ---
2018-09-26  INFO [main] (Board.java:104) - Found a diagonal win
2018-09-26 DEBUG [main] (Board.java:46) - --- Testing Horizontal ---
2018-09-26 DEBUG [main] (Board.java:66) - --- Testing Vertical ---
2018-09-26  INFO [main] (Board.java:74) - Found a vertical win
2018-09-26 DEBUG [main] (Board.java:46) - --- Testing Horizontal ---
2018-09-26  INFO [main] (Board.java:56) - Found a horizontal win
2018-09-26 DEBUG [main] (Board.java:46) - --- Testing Horizontal ---
2018-09-26 DEBUG [main] (Board.java:66) - --- Testing Vertical ---
2018-09-26 DEBUG [main] (Board.java:84) - --- Testing Diagonal Up ---
2018-09-26 DEBUG [main] (Board.java:97) - --- Testing Diagonal Down ---
2018-09-26 DEBUG [main] (Board.java:46) - --- Testing Horizontal ---
2018-09-26 DEBUG [main] (Board.java:66) - --- Testing Vertical ---
2018-09-26 DEBUG [main] (Board.java:84) - --- Testing Diagonal Up ---
2018-09-26  INFO [main] (Board.java:91) - Found a diagonal win
2018-09-26 DEBUG [main] (Board.java:46) - --- Testing Horizontal ---
2018-09-26 DEBUG [main] (Board.java:66) - --- Testing Vertical ---
2018-09-26  INFO [main] (Board.java:74) - Found a vertical win
2018-09-26 DEBUG [main] (Board.java:46) - --- Testing Horizontal ---
2018-09-26 DEBUG [main] (Board.java:66) - --- Testing Vertical ---
2018-09-26 DEBUG [main] (Board.java:84) - --- Testing Diagonal Up ---
2018-09-26 DEBUG [main] (Board.java:97) - --- Testing Diagonal Down ---
2018-09-26  INFO [main] (Board.java:104) - Found a diagonal win
