2018-10-22  INFO [JavaFX Application Thread] (Board.java:110) - --- No Win Conditions Found ---
2018-10-22 DEBUG [JavaFX Application Thread] (Board.java:54) - --- Testing Horizontal ---
2018-10-22 DEBUG [JavaFX Application Thread] (Board.java:73) - --- Testing Vertical ---
2018-10-22 DEBUG [JavaFX Application Thread] (Board.java:90) - --- Testing Diagonal Up ---
2018-10-22 DEBUG [JavaFX Application Thread] (Board.java:100) - --- Testing Diagonal Down ---
2018-10-22  INFO [JavaFX Application Thread] (Board.java:110) - --- No Win Conditions Found ---
2018-10-22 DEBUG [JavaFX Application Thread] (Board.java:54) - --- Testing Horizontal ---
2018-10-22 DEBUG [JavaFX Application Thread] (Board.java:73) - --- Testing Vertical ---
2018-10-22 DEBUG [JavaFX Application Thread] (Board.java:90) - --- Testing Diagonal Up ---
2018-10-22 DEBUG [JavaFX Application Thread] (Board.java:100) - --- Testing Diagonal Down ---
2018-10-22  INFO [JavaFX Application Thread] (Board.java:110) - --- No Win Conditions Found ---
2018-10-22 DEBUG [JavaFX Application Thread] (Board.java:54) - --- Testing Horizontal ---
2018-10-22 DEBUG [JavaFX Application Thread] (Board.java:73) - --- Testing Vertical ---
2018-10-22 DEBUG [JavaFX Application Thread] (Board.java:90) - --- Testing Diagonal Up ---
2018-10-22 DEBUG [JavaFX Application Thread] (Board.java:100) - --- Testing Diagonal Down ---
2018-10-22  INFO [JavaFX Application Thread] (Board.java:110) - --- No Win Conditions Found ---
2018-10-22 DEBUG [JavaFX Application Thread] (Board.java:54) - --- Testing Horizontal ---
2018-10-22 DEBUG [JavaFX Application Thread] (Board.java:73) - --- Testing Vertical ---
2018-10-22 DEBUG [JavaFX Application Thread] (Board.java:90) - --- Testing Diagonal Up ---
2018-10-22 DEBUG [JavaFX Application Thread] (Board.java:100) - --- Testing Diagonal Down ---
2018-10-22  INFO [JavaFX Application Thread] (Board.java:110) - --- No Win Conditions Found ---
2018-10-22 DEBUG [JavaFX Application Thread] (Board.java:54) - --- Testing Horizontal ---
2018-10-22 DEBUG [JavaFX Application Thread] (Board.java:73) - --- Testing Vertical ---
2018-10-22 DEBUG [JavaFX Application Thread] (Board.java:90) - --- Testing Diagonal Up ---
2018-10-22 DEBUG [JavaFX Application Thread] (Board.java:100) - --- Testing Diagonal Down ---
2018-10-22  INFO [JavaFX Application Thread] (Board.java:110) - --- No Win Conditions Found ---
2018-10-22 DEBUG [JavaFX Application Thread] (Board.java:54) - --- Testing Horizontal ---
2018-10-22 DEBUG [JavaFX Application Thread] (Board.java:73) - --- Testing Vertical ---
2018-10-22 DEBUG [JavaFX Application Thread] (Board.java:90) - --- Testing Diagonal Up ---
2018-10-22 DEBUG [JavaFX Application Thread] (Board.java:100) - --- Testing Diagonal Down ---
2018-10-22  INFO [JavaFX Application Thread] (Board.java:110) - --- No Win Conditions Found ---
2018-10-22 DEBUG [JavaFX Application Thread] (Board.java:54) - --- Testing Horizontal ---
2018-10-22 DEBUG [JavaFX Application Thread] (Board.java:73) - --- Testing Vertical ---
2018-10-22 DEBUG [JavaFX Application Thread] (Board.java:90) - --- Testing Diagonal Up ---
2018-10-22 DEBUG [JavaFX Application Thread] (Board.java:100) - --- Testing Diagonal Down ---
2018-10-22  INFO [JavaFX Application Thread] (Board.java:110) - --- No Win Conditions Found ---
2018-10-22 DEBUG [JavaFX Application Thread] (Board.java:54) - --- Testing Horizontal ---
2018-10-22 DEBUG [JavaFX Application Thread] (Board.java:73) - --- Testing Vertical ---
2018-10-22 DEBUG [JavaFX Application Thread] (Board.java:90) - --- Testing Diagonal Up ---
2018-10-22 DEBUG [JavaFX Application Thread] (Board.java:100) - --- Testing Diagonal Down ---
2018-10-22  INFO [JavaFX Application Thread] (Board.java:110) - --- No Win Conditions Found ---
2018-10-22 DEBUG [JavaFX Application Thread] (Board.java:54) - --- Testing Horizontal ---
2018-10-22 DEBUG [JavaFX Application Thread] (Board.java:73) - --- Testing Vertical ---
2018-10-22 DEBUG [JavaFX Application Thread] (Board.java:90) - --- Testing Diagonal Up ---
2018-10-22 DEBUG [JavaFX Application Thread] (Board.java:100) - --- Testing Diagonal Down ---
2018-10-22  INFO [JavaFX Application Thread] (Board.java:110) - --- No Win Conditions Found ---
2018-10-22 DEBUG [JavaFX Application Thread] (Board.java:54) - --- Testing Horizontal ---
2018-10-22 DEBUG [JavaFX Application Thread] (Board.java:73) - --- Testing Vertical ---
2018-10-22 DEBUG [JavaFX Application Thread] (Board.java:90) - --- Testing Diagonal Up ---
2018-10-22 DEBUG [JavaFX Application Thread] (Board.java:100) - --- Testing Diagonal Down ---
2018-10-22  INFO [JavaFX Application Thread] (Board.java:110) - --- No Win Conditions Found ---
2018-10-22 DEBUG [JavaFX Application Thread] (Board.java:54) - --- Testing Horizontal ---
2018-10-22 DEBUG [JavaFX Application Thread] (Board.java:73) - --- Testing Vertical ---
2018-10-22 DEBUG [JavaFX Application Thread] (Board.java:90) - --- Testing Diagonal Up ---
2018-10-22 DEBUG [JavaFX Application Thread] (Board.java:100) - --- Testing Diagonal Down ---
2018-10-22  INFO [JavaFX Application Thread] (Board.java:110) - --- No Win Conditions Found ---
2018-10-22 DEBUG [JavaFX Application Thread] (Board.java:54) - --- Testing Horizontal ---
2018-10-22 DEBUG [JavaFX Application Thread] (Board.java:73) - --- Testing Vertical ---
2018-10-22 DEBUG [JavaFX Application Thread] (Board.java:90) - --- Testing Diagonal Up ---
2018-10-22 DEBUG [JavaFX Application Thread] (Board.java:100) - --- Testing Diagonal Down ---
2018-10-22  INFO [JavaFX Application Thread] (Board.java:110) - --- No Win Conditions Found ---
2018-10-22 DEBUG [JavaFX Application Thread] (Board.java:54) - --- Testing Horizontal ---
2018-10-22 DEBUG [JavaFX Application Thread] (Board.java:73) - --- Testing Vertical ---
2018-10-22 DEBUG [JavaFX Application Thread] (Board.java:90) - --- Testing Diagonal Up ---
2018-10-22 DEBUG [JavaFX Application Thread] (Board.java:100) - --- Testing Diagonal Down ---
2018-10-22  INFO [JavaFX Application Thread] (Board.java:110) - --- No Win Conditions Found ---
2018-10-22 DEBUG [JavaFX Application Thread] (Board.java:54) - --- Testing Horizontal ---
2018-10-22 DEBUG [JavaFX Application Thread] (Board.java:73) - --- Testing Vertical ---
2018-10-22 DEBUG [JavaFX Application Thread] (Board.java:90) - --- Testing Diagonal Up ---
2018-10-22 DEBUG [JavaFX Application Thread] (Board.java:100) - --- Testing Diagonal Down ---
2018-10-22  INFO [JavaFX Application Thread] (Board.java:110) - --- No Win Conditions Found ---
2018-10-22 DEBUG [JavaFX Application Thread] (Board.java:54) - --- Testing Horizontal ---
2018-10-22 DEBUG [JavaFX Application Thread] (Board.java:73) - --- Testing Vertical ---
2018-10-22 DEBUG [JavaFX Application Thread] (Board.java:90) - --- Testing Diagonal Up ---
2018-10-22 DEBUG [JavaFX Application Thread] (Board.java:100) - --- Testing Diagonal Down ---
2018-10-22  INFO [JavaFX Application Thread] (Board.java:110) - --- No Win Conditions Found ---
2018-10-22 DEBUG [JavaFX Application Thread] (Board.java:54) - --- Testing Horizontal ---
2018-10-22 DEBUG [JavaFX Application Thread] (Board.java:73) - --- Testing Vertical ---
2018-10-22 DEBUG [JavaFX Application Thread] (Board.java:90) - --- Testing Diagonal Up ---
2018-10-22 DEBUG [JavaFX Application Thread] (Board.java:100) - --- Testing Diagonal Down ---
2018-10-22  INFO [JavaFX Application Thread] (Board.java:110) - --- No Win Conditions Found ---
2018-10-22 DEBUG [JavaFX Application Thread] (Board.java:54) - --- Testing Horizontal ---
2018-10-22 DEBUG [JavaFX Application Thread] (Board.java:73) - --- Testing Vertical ---
2018-10-22 DEBUG [JavaFX Application Thread] (Board.java:90) - --- Testing Diagonal Up ---
2018-10-22 DEBUG [JavaFX Application Thread] (Board.java:100) - --- Testing Diagonal Down ---
2018-10-22  INFO [JavaFX Application Thread] (Board.java:110) - --- No Win Conditions Found ---
2018-10-22 DEBUG [JavaFX Application Thread] (Board.java:54) - --- Testing Horizontal ---
2018-10-22 DEBUG [JavaFX Application Thread] (Board.java:73) - --- Testing Vertical ---
2018-10-22 DEBUG [JavaFX Application Thread] (Board.java:90) - --- Testing Diagonal Up ---
2018-10-22 DEBUG [JavaFX Application Thread] (Board.java:100) - --- Testing Diagonal Down ---
2018-10-22  INFO [JavaFX Application Thread] (Board.java:110) - --- No Win Conditions Found ---
2018-10-22 DEBUG [JavaFX Application Thread] (Board.java:54) - --- Testing Horizontal ---
2018-10-22 DEBUG [JavaFX Application Thread] (Board.java:73) - --- Testing Vertical ---
2018-10-22 DEBUG [JavaFX Application Thread] (Board.java:90) - --- Testing Diagonal Up ---
2018-10-22 DEBUG [JavaFX Application Thread] (Board.java:100) - --- Testing Diagonal Down ---
2018-10-22  INFO [JavaFX Application Thread] (Board.java:110) - --- No Win Conditions Found ---
2018-10-22 DEBUG [JavaFX Application Thread] (Board.java:54) - --- Testing Horizontal ---
2018-10-22 DEBUG [JavaFX Application Thread] (Board.java:73) - --- Testing Vertical ---
2018-10-22 DEBUG [JavaFX Application Thread] (Board.java:90) - --- Testing Diagonal Up ---
2018-10-22 DEBUG [JavaFX Application Thread] (Board.java:100) - --- Testing Diagonal Down ---
2018-10-22  INFO [JavaFX Application Thread] (Board.java:110) - --- No Win Conditions Found ---
2018-10-22 DEBUG [JavaFX Application Thread] (Board.java:54) - --- Testing Horizontal ---
2018-10-22 DEBUG [JavaFX Application Thread] (Board.java:73) - --- Testing Vertical ---
2018-10-22 DEBUG [JavaFX Application Thread] (Board.java:90) - --- Testing Diagonal Up ---
2018-10-22 DEBUG [JavaFX Application Thread] (Board.java:100) - --- Testing Diagonal Down ---
2018-10-22  INFO [JavaFX Application Thread] (Board.java:110) - --- No Win Conditions Found ---
2018-10-22 DEBUG [JavaFX Application Thread] (Board.java:54) - --- Testing Horizontal ---
2018-10-22 DEBUG [JavaFX Application Thread] (Board.java:73) - --- Testing Vertical ---
2018-10-22 DEBUG [JavaFX Application Thread] (Board.java:90) - --- Testing Diagonal Up ---
2018-10-22 DEBUG [JavaFX Application Thread] (Board.java:100) - --- Testing Diagonal Down ---
2018-10-22  INFO [JavaFX Application Thread] (Board.java:110) - --- No Win Conditions Found ---
2018-10-22 DEBUG [JavaFX Application Thread] (Board.java:54) - --- Testing Horizontal ---
2018-10-22 DEBUG [JavaFX Application Thread] (Board.java:73) - --- Testing Vertical ---
2018-10-22 DEBUG [JavaFX Application Thread] (Board.java:90) - --- Testing Diagonal Up ---
2018-10-22 DEBUG [JavaFX Application Thread] (Board.java:100) - --- Testing Diagonal Down ---
2018-10-22  INFO [JavaFX Application Thread] (Board.java:110) - --- No Win Conditions Found ---
2018-10-22 DEBUG [JavaFX Application Thread] (Board.java:54) - --- Testing Horizontal ---
2018-10-22 DEBUG [JavaFX Application Thread] (Board.java:73) - --- Testing Vertical ---
2018-10-22 DEBUG [JavaFX Application Thread] (Board.java:90) - --- Testing Diagonal Up ---
2018-10-22 DEBUG [JavaFX Application Thread] (Board.java:100) - --- Testing Diagonal Down ---
2018-10-22  INFO [JavaFX Application Thread] (Board.java:110) - --- No Win Conditions Found ---
2018-10-22 DEBUG [JavaFX Application Thread] (Board.java:54) - --- Testing Horizontal ---
2018-10-22 DEBUG [JavaFX Application Thread] (Board.java:73) - --- Testing Vertical ---
2018-10-22 DEBUG [JavaFX Application Thread] (Board.java:90) - --- Testing Diagonal Up ---
2018-10-22 DEBUG [JavaFX Application Thread] (Board.java:100) - --- Testing Diagonal Down ---
2018-10-22  INFO [JavaFX Application Thread] (Board.java:110) - --- No Win Conditions Found ---
2018-10-22 DEBUG [JavaFX Application Thread] (Board.java:54) - --- Testing Horizontal ---
2018-10-22 DEBUG [JavaFX Application Thread] (Board.java:73) - --- Testing Vertical ---
2018-10-22 DEBUG [JavaFX Application Thread] (Board.java:90) - --- Testing Diagonal Up ---
2018-10-22 DEBUG [JavaFX Application Thread] (Board.java:100) - --- Testing Diagonal Down ---
2018-10-22  INFO [JavaFX Application Thread] (Board.java:110) - --- No Win Conditions Found ---
2018-10-22 DEBUG [JavaFX Application Thread] (Board.java:54) - --- Testing Horizontal ---
2018-10-22 DEBUG [JavaFX Application Thread] (Board.java:73) - --- Testing Vertical ---
2018-10-22 DEBUG [JavaFX Application Thread] (Board.java:90) - --- Testing Diagonal Up ---
2018-10-22 DEBUG [JavaFX Application Thread] (Board.java:100) - --- Testing Diagonal Down ---
2018-10-22  INFO [JavaFX Application Thread] (Board.java:110) - --- No Win Conditions Found ---
2018-10-22 DEBUG [JavaFX Application Thread] (Board.java:54) - --- Testing Horizontal ---
2018-10-22 DEBUG [JavaFX Application Thread] (Board.java:73) - --- Testing Vertical ---
2018-10-22 DEBUG [JavaFX Application Thread] (Board.java:90) - --- Testing Diagonal Up ---
2018-10-22 DEBUG [JavaFX Application Thread] (Board.java:100) - --- Testing Diagonal Down ---
2018-10-22  INFO [JavaFX Application Thread] (Board.java:110) - --- No Win Conditions Found ---
2018-10-22 DEBUG [JavaFX Application Thread] (Board.java:54) - --- Testing Horizontal ---
2018-10-22 DEBUG [JavaFX Application Thread] (Board.java:73) - --- Testing Vertical ---
2018-10-22 DEBUG [JavaFX Application Thread] (Board.java:90) - --- Testing Diagonal Up ---
2018-10-22 DEBUG [JavaFX Application Thread] (Board.java:100) - --- Testing Diagonal Down ---
2018-10-22  INFO [JavaFX Application Thread] (Board.java:110) - --- No Win Conditions Found ---
2018-10-22 DEBUG [JavaFX Application Thread] (Board.java:54) - --- Testing Horizontal ---
2018-10-22 DEBUG [JavaFX Application Thread] (Board.java:73) - --- Testing Vertical ---
2018-10-22 DEBUG [JavaFX Application Thread] (Board.java:90) - --- Testing Diagonal Up ---
2018-10-22 DEBUG [JavaFX Application Thread] (Board.java:100) - --- Testing Diagonal Down ---
2018-10-22  INFO [JavaFX Application Thread] (Board.java:110) - --- No Win Conditions Found ---
2018-10-22 DEBUG [JavaFX Application Thread] (Board.java:54) - --- Testing Horizontal ---
2018-10-22 DEBUG [JavaFX Application Thread] (Board.java:73) - --- Testing Vertical ---
2018-10-22 DEBUG [JavaFX Application Thread] (Board.java:90) - --- Testing Diagonal Up ---
2018-10-22 DEBUG [JavaFX Application Thread] (Board.java:100) - --- Testing Diagonal Down ---
2018-10-22  INFO [JavaFX Application Thread] (Board.java:110) - --- No Win Conditions Found ---
2018-10-22 DEBUG [JavaFX Application Thread] (Board.java:54) - --- Testing Horizontal ---
2018-10-22 DEBUG [JavaFX Application Thread] (Board.java:73) - --- Testing Vertical ---
2018-10-22 DEBUG [JavaFX Application Thread] (Board.java:90) - --- Testing Diagonal Up ---
2018-10-22 DEBUG [JavaFX Application Thread] (Board.java:100) - --- Testing Diagonal Down ---
2018-10-22  INFO [JavaFX Application Thread] (Board.java:110) - --- No Win Conditions Found ---
2018-10-22 DEBUG [JavaFX Application Thread] (Board.java:54) - --- Testing Horizontal ---
2018-10-22 DEBUG [JavaFX Application Thread] (Board.java:73) - --- Testing Vertical ---
2018-10-22 DEBUG [JavaFX Application Thread] (Board.java:90) - --- Testing Diagonal Up ---
2018-10-22 DEBUG [JavaFX Application Thread] (Board.java:100) - --- Testing Diagonal Down ---
2018-10-22  INFO [JavaFX Application Thread] (Board.java:110) - --- No Win Conditions Found ---
2018-10-22 DEBUG [JavaFX Application Thread] (Board.java:54) - --- Testing Horizontal ---
2018-10-22 DEBUG [JavaFX Application Thread] (Board.java:73) - --- Testing Vertical ---
2018-10-22 DEBUG [JavaFX Application Thread] (Board.java:90) - --- Testing Diagonal Up ---
2018-10-22 DEBUG [JavaFX Application Thread] (Board.java:100) - --- Testing Diagonal Down ---
2018-10-22  INFO [JavaFX Application Thread] (Board.java:110) - --- No Win Conditions Found ---
2018-10-22 DEBUG [JavaFX Application Thread] (Board.java:54) - --- Testing Horizontal ---
2018-10-22 DEBUG [JavaFX Application Thread] (Board.java:73) - --- Testing Vertical ---
2018-10-22 DEBUG [JavaFX Application Thread] (Board.java:90) - --- Testing Diagonal Up ---
2018-10-22 DEBUG [JavaFX Application Thread] (Board.java:100) - --- Testing Diagonal Down ---
2018-10-22  INFO [JavaFX Application Thread] (Board.java:110) - --- No Win Conditions Found ---
2018-10-22 DEBUG [JavaFX Application Thread] (Board.java:54) - --- Testing Horizontal ---
2018-10-22 DEBUG [JavaFX Application Thread] (Board.java:73) - --- Testing Vertical ---
2018-10-22 DEBUG [JavaFX Application Thread] (Board.java:90) - --- Testing Diagonal Up ---
2018-10-22 DEBUG [JavaFX Application Thread] (Board.java:100) - --- Testing Diagonal Down ---
2018-10-22  INFO [JavaFX Application Thread] (Board.java:110) - --- No Win Conditions Found ---
2018-10-22 DEBUG [JavaFX Application Thread] (Board.java:54) - --- Testing Horizontal ---
2018-10-22 DEBUG [JavaFX Application Thread] (Board.java:73) - --- Testing Vertical ---
2018-10-22 DEBUG [JavaFX Application Thread] (Board.java:90) - --- Testing Diagonal Up ---
2018-10-22 DEBUG [JavaFX Application Thread] (Board.java:100) - --- Testing Diagonal Down ---
2018-10-22  INFO [JavaFX Application Thread] (Board.java:110) - --- No Win Conditions Found ---
2018-10-22 DEBUG [JavaFX Application Thread] (Board.java:54) - --- Testing Horizontal ---
2018-10-22 DEBUG [JavaFX Application Thread] (Board.java:73) - --- Testing Vertical ---
2018-10-22 DEBUG [JavaFX Application Thread] (Board.java:90) - --- Testing Diagonal Up ---
2018-10-22 DEBUG [JavaFX Application Thread] (Board.java:100) - --- Testing Diagonal Down ---
2018-10-22  INFO [JavaFX Application Thread] (Board.java:110) - --- No Win Conditions Found ---
2018-10-22 DEBUG [JavaFX Application Thread] (Board.java:54) - --- Testing Horizontal ---
2018-10-22 DEBUG [JavaFX Application Thread] (Board.java:73) - --- Testing Vertical ---
2018-10-22 DEBUG [JavaFX Application Thread] (Board.java:90) - --- Testing Diagonal Up ---
2018-10-22 DEBUG [JavaFX Application Thread] (Board.java:100) - --- Testing Diagonal Down ---
2018-10-22  INFO [JavaFX Application Thread] (Board.java:110) - --- No Win Conditions Found ---
2018-10-22 DEBUG [JavaFX Application Thread] (Board.java:54) - --- Testing Horizontal ---
2018-10-22 DEBUG [JavaFX Application Thread] (Board.java:73) - --- Testing Vertical ---
2018-10-22 DEBUG [JavaFX Application Thread] (Board.java:90) - --- Testing Diagonal Up ---
2018-10-22 DEBUG [JavaFX Application Thread] (Board.java:100) - --- Testing Diagonal Down ---
2018-10-22  INFO [JavaFX Application Thread] (Board.java:110) - --- No Win Conditions Found ---
2018-10-22 DEBUG [JavaFX Application Thread] (Board.java:54) - --- Testing Horizontal ---
2018-10-22 DEBUG [JavaFX Application Thread] (Board.java:73) - --- Testing Vertical ---
2018-10-22 DEBUG [JavaFX Application Thread] (Board.java:90) - --- Testing Diagonal Up ---
2018-10-22 DEBUG [JavaFX Application Thread] (Board.java:100) - --- Testing Diagonal Down ---
2018-10-22  INFO [JavaFX Application Thread] (Board.java:110) - --- No Win Conditions Found ---
2018-10-22 DEBUG [JavaFX Application Thread] (Board.java:54) - --- Testing Horizontal ---
2018-10-22 DEBUG [JavaFX Application Thread] (Board.java:73) - --- Testing Vertical ---
2018-10-22 DEBUG [JavaFX Application Thread] (Board.java:90) - --- Testing Diagonal Up ---
2018-10-22 DEBUG [JavaFX Application Thread] (Board.java:100) - --- Testing Diagonal Down ---
2018-10-22  INFO [JavaFX Application Thread] (Board.java:110) - --- No Win Conditions Found ---
2018-10-22 DEBUG [JavaFX Application Thread] (Board.java:54) - --- Testing Horizontal ---
2018-10-22 DEBUG [JavaFX Application Thread] (Board.java:73) - --- Testing Vertical ---
2018-10-22 DEBUG [JavaFX Application Thread] (Board.java:90) - --- Testing Diagonal Up ---
2018-10-22 DEBUG [JavaFX Application Thread] (Board.java:100) - --- Testing Diagonal Down ---
2018-10-22  INFO [JavaFX Application Thread] (Board.java:110) - --- No Win Conditions Found ---
2018-10-22 DEBUG [JavaFX Application Thread] (Board.java:54) - --- Testing Horizontal ---
2018-10-22 DEBUG [JavaFX Application Thread] (Board.java:73) - --- Testing Vertical ---
2018-10-22 DEBUG [JavaFX Application Thread] (Board.java:90) - --- Testing Diagonal Up ---
2018-10-22 DEBUG [JavaFX Application Thread] (Board.java:100) - --- Testing Diagonal Down ---
2018-10-22  INFO [JavaFX Application Thread] (Board.java:110) - --- No Win Conditions Found ---
2018-10-22 DEBUG [JavaFX Application Thread] (Board.java:54) - --- Testing Horizontal ---
2018-10-22 DEBUG [JavaFX Application Thread] (Board.java:73) - --- Testing Vertical ---
2018-10-22 DEBUG [JavaFX Application Thread] (Board.java:90) - --- Testing Diagonal Up ---
2018-10-22 DEBUG [JavaFX Application Thread] (Board.java:100) - --- Testing Diagonal Down ---
2018-10-22  INFO [JavaFX Application Thread] (Board.java:110) - --- No Win Conditions Found ---
2018-10-22 DEBUG [JavaFX Application Thread] (Board.java:54) - --- Testing Horizontal ---
2018-10-22 DEBUG [JavaFX Application Thread] (Board.java:73) - --- Testing Vertical ---
2018-10-22 DEBUG [JavaFX Application Thread] (Board.java:90) - --- Testing Diagonal Up ---
2018-10-22 DEBUG [JavaFX Application Thread] (Board.java:100) - --- Testing Diagonal Down ---
2018-10-22  INFO [JavaFX Application Thread] (Board.java:110) - --- No Win Conditions Found ---
2018-10-22 DEBUG [JavaFX Application Thread] (Board.java:54) - --- Testing Horizontal ---
2018-10-22 DEBUG [JavaFX Application Thread] (Board.java:73) - --- Testing Vertical ---
2018-10-22 DEBUG [JavaFX Application Thread] (Board.java:90) - --- Testing Diagonal Up ---
2018-10-22 DEBUG [JavaFX Application Thread] (Board.java:100) - --- Testing Diagonal Down ---
2018-10-22  INFO [JavaFX Application Thread] (Board.java:110) - --- No Win Conditions Found ---
2018-10-22 DEBUG [JavaFX Application Thread] (Board.java:54) - --- Testing Horizontal ---
2018-10-22 DEBUG [JavaFX Application Thread] (Board.java:73) - --- Testing Vertical ---
2018-10-22 DEBUG [JavaFX Application Thread] (Board.java:90) - --- Testing Diagonal Up ---
2018-10-22 DEBUG [JavaFX Application Thread] (Board.java:100) - --- Testing Diagonal Down ---
2018-10-22  INFO [JavaFX Application Thread] (Board.java:110) - --- No Win Conditions Found ---
2018-10-22 DEBUG [JavaFX Application Thread] (Board.java:54) - --- Testing Horizontal ---
2018-10-22 DEBUG [JavaFX Application Thread] (Board.java:73) - --- Testing Vertical ---
2018-10-22 DEBUG [JavaFX Application Thread] (Board.java:90) - --- Testing Diagonal Up ---
2018-10-22 DEBUG [JavaFX Application Thread] (Board.java:100) - --- Testing Diagonal Down ---
2018-10-22  INFO [JavaFX Application Thread] (Board.java:110) - --- No Win Conditions Found ---
2018-10-22 DEBUG [JavaFX Application Thread] (Board.java:54) - --- Testing Horizontal ---
2018-10-22 DEBUG [JavaFX Application Thread] (Board.java:73) - --- Testing Vertical ---
2018-10-22 DEBUG [JavaFX Application Thread] (Board.java:90) - --- Testing Diagonal Up ---
2018-10-22 DEBUG [JavaFX Application Thread] (Board.java:100) - --- Testing Diagonal Down ---
2018-10-22  INFO [JavaFX Application Thread] (Board.java:110) - --- No Win Conditions Found ---
2018-10-22 DEBUG [JavaFX Application Thread] (Board.java:54) - --- Testing Horizontal ---
2018-10-22 DEBUG [JavaFX Application Thread] (Board.java:73) - --- Testing Vertical ---
2018-10-22 DEBUG [JavaFX Application Thread] (Board.java:90) - --- Testing Diagonal Up ---
2018-10-22 DEBUG [JavaFX Application Thread] (Board.java:100) - --- Testing Diagonal Down ---
2018-10-22  INFO [JavaFX Application Thread] (Board.java:110) - --- No Win Conditions Found ---
2018-10-22 DEBUG [JavaFX Application Thread] (Board.java:54) - --- Testing Horizontal ---
2018-10-22 DEBUG [JavaFX Application Thread] (Board.java:73) - --- Testing Vertical ---
2018-10-22 DEBUG [JavaFX Application Thread] (Board.java:90) - --- Testing Diagonal Up ---
2018-10-22 DEBUG [JavaFX Application Thread] (Board.java:100) - --- Testing Diagonal Down ---
2018-10-22  INFO [JavaFX Application Thread] (Board.java:110) - --- No Win Conditions Found ---
